  extern.cpp
  gameSDL.cpp
  windowSDL.cpp
     Creating library C:\kuba\programming\ezGame\vs15\x64\Release\ezGame.lib and object C:\kuba\programming\ezGame\vs15\x64\Release\ezGame.exp
  Generating code
  26 of 1501 functions ( 1.7%) were compiled, the rest were copied from previous compilation.
    0 functions were new in current compilation
    4 functions had inline decision re-evaluated but remain unchanged
  Finished generating code
  ezGame.vcxproj -> C:\kuba\programming\ezGame\vs15\x64\Release\ezGame.dll
  ezGame.vcxproj -> C:\kuba\programming\ezGame\vs15\x64\Release\ezGame.pdb (Full PDB)
  C:\kuba\programming\ezGame\vs15\x64\Release\ezGame.lib
  1 File(s) copied
  C:\kuba\programming\ezGame\vs15\x64\Release\ezGame.dll
  1 File(s) copied
  C:\kuba\programming\ezGame\vs15\..\source\interface\audio.h
  C:\kuba\programming\ezGame\vs15\..\source\interface\color.h
  C:\kuba\programming\ezGame\vs15\..\source\interface\common.h
  C:\kuba\programming\ezGame\vs15\..\source\interface\draw.cpp
  C:\kuba\programming\ezGame\vs15\..\source\interface\draw.h
  C:\kuba\programming\ezGame\vs15\..\source\interface\drawFragment.h
  C:\kuba\programming\ezGame\vs15\..\source\interface\extern.h
  C:\kuba\programming\ezGame\vs15\..\source\interface\ez.h
  C:\kuba\programming\ezGame\vs15\..\source\interface\ezGame.h
  C:\kuba\programming\ezGame\vs15\..\source\interface\game.h
  C:\kuba\programming\ezGame\vs15\..\source\interface\info.h
  C:\kuba\programming\ezGame\vs15\..\source\interface\input.h
  C:\kuba\programming\ezGame\vs15\..\source\interface\resolutionInfo.h
  C:\kuba\programming\ezGame\vs15\..\source\interface\settings.h
  C:\kuba\programming\ezGame\vs15\..\source\interface\stage.h
  C:\kuba\programming\ezGame\vs15\..\source\interface\window.h
  16 File(s) copied
  C:\kuba\programming\ezGame\vs15\..\ezGame\lib\x64\ezGame.dll
  C:\kuba\programming\ezGame\vs15\..\ezGame\lib\x64\libFLAC-8.dll
  C:\kuba\programming\ezGame\vs15\..\ezGame\lib\x64\libfreetype-6.dll
  C:\kuba\programming\ezGame\vs15\..\ezGame\lib\x64\libjpeg-9.dll
  C:\kuba\programming\ezGame\vs15\..\ezGame\lib\x64\libmodplug-1.dll
  C:\kuba\programming\ezGame\vs15\..\ezGame\lib\x64\libmpg123-0.dll
  C:\kuba\programming\ezGame\vs15\..\ezGame\lib\x64\libogg-0.dll
  C:\kuba\programming\ezGame\vs15\..\ezGame\lib\x64\libpng16-16.dll
  C:\kuba\programming\ezGame\vs15\..\ezGame\lib\x64\libtiff-5.dll
  C:\kuba\programming\ezGame\vs15\..\ezGame\lib\x64\libvorbis-0.dll
  C:\kuba\programming\ezGame\vs15\..\ezGame\lib\x64\libvorbisfile-3.dll
  C:\kuba\programming\ezGame\vs15\..\ezGame\lib\x64\libwebp-7.dll
  C:\kuba\programming\ezGame\vs15\..\ezGame\lib\x64\SDL2.dll
  C:\kuba\programming\ezGame\vs15\..\ezGame\lib\x64\SDL2_image.dll
  C:\kuba\programming\ezGame\vs15\..\ezGame\lib\x64\SDL2_mixer.dll
  C:\kuba\programming\ezGame\vs15\..\ezGame\lib\x64\SDL2_ttf.dll
  C:\kuba\programming\ezGame\vs15\..\ezGame\lib\x64\zlib1.dll
  17 File(s) copied
