c:\kuba\programming\ezgame\vs15\x64\release\vc140.pdb
c:\kuba\programming\ezgame\vs15\x64\release\windowsdl.obj
c:\kuba\programming\ezgame\vs15\x64\release\gamesdl.obj
c:\kuba\programming\ezgame\vs15\x64\release\extern.obj
c:\kuba\programming\ezgame\vs15\x64\release\ezgame.lib
c:\kuba\programming\ezgame\vs15\x64\release\ezgame.exp
c:\kuba\programming\ezgame\vs15\x64\release\ezgame.dll
c:\kuba\programming\ezgame\vs15\x64\release\ezgame.ipdb
c:\kuba\programming\ezgame\vs15\x64\release\ezgame.iobj
c:\kuba\programming\ezgame\vs15\x64\release\ezgame.pdb
c:\kuba\programming\ezgame\vs15\x64\release\ezgame.vcxprojresolveassemblyreference.cache
c:\kuba\programming\ezgame\vs15\x64\release\tests.ipdb
c:\kuba\programming\ezgame\vs15\x64\release\tests.iobj
c:\kuba\programming\ezgame\vs15\x64\release\tests.pdb
c:\kuba\programming\ezgame\vs15\x64\release\ezgame.tlog\cl.command.1.tlog
c:\kuba\programming\ezgame\vs15\x64\release\ezgame.tlog\cl.read.1.tlog
c:\kuba\programming\ezgame\vs15\x64\release\ezgame.tlog\cl.write.1.tlog
c:\kuba\programming\ezgame\vs15\x64\release\ezgame.tlog\ezgame.write.1u.tlog
c:\kuba\programming\ezgame\vs15\x64\release\ezgame.tlog\link.command.1.tlog
c:\kuba\programming\ezgame\vs15\x64\release\ezgame.tlog\link.read.1.tlog
c:\kuba\programming\ezgame\vs15\x64\release\ezgame.tlog\link.write.1.tlog
