  extern.cpp
  gameSDL.cpp
     Creating library C:\kuba\programming\ezGame\vs15\Release\ezGame.lib and object C:\kuba\programming\ezGame\vs15\Release\ezGame.exp
  Generating code
  3 of 1484 functions ( 0.2%) were compiled, the rest were copied from previous compilation.
    2 functions were new in current compilation
    1 functions had inline decision re-evaluated but remain unchanged
  Finished generating code
  ezGame.vcxproj -> C:\kuba\programming\ezGame\vs15\Release\ezGame.dll
  ezGame.vcxproj -> C:\kuba\programming\ezGame\vs15\Release\ezGame.pdb (Full PDB)
  C:\kuba\programming\ezGame\vs15\Release\ezGame.lib
  1 File(s) copied
  C:\kuba\programming\ezGame\vs15\Release\ezGame.dll
  1 File(s) copied
  C:\kuba\programming\ezGame\vs15\..\source\interface\audio.h
  C:\kuba\programming\ezGame\vs15\..\source\interface\color.h
  C:\kuba\programming\ezGame\vs15\..\source\interface\colors.h
  C:\kuba\programming\ezGame\vs15\..\source\interface\common.h
  C:\kuba\programming\ezGame\vs15\..\source\interface\draw.h
  C:\kuba\programming\ezGame\vs15\..\source\interface\extern.h
  C:\kuba\programming\ezGame\vs15\..\source\interface\ez.h
  C:\kuba\programming\ezGame\vs15\..\source\interface\ezGame.h
  C:\kuba\programming\ezGame\vs15\..\source\interface\game.h
  C:\kuba\programming\ezGame\vs15\..\source\interface\info.h
  C:\kuba\programming\ezGame\vs15\..\source\interface\input.h
  C:\kuba\programming\ezGame\vs15\..\source\interface\resolutionInfo.h
  C:\kuba\programming\ezGame\vs15\..\source\interface\settings.h
  C:\kuba\programming\ezGame\vs15\..\source\interface\stage.h
  C:\kuba\programming\ezGame\vs15\..\source\interface\window.h
  15 File(s) copied
  C:\kuba\programming\ezGame\vs15\..\ezGame\lib\Win32\ezGame.dll
  C:\kuba\programming\ezGame\vs15\..\ezGame\lib\Win32\libFLAC-8.dll
  C:\kuba\programming\ezGame\vs15\..\ezGame\lib\Win32\libfreetype-6.dll
  C:\kuba\programming\ezGame\vs15\..\ezGame\lib\Win32\libjpeg-9.dll
  C:\kuba\programming\ezGame\vs15\..\ezGame\lib\Win32\libmodplug-1.dll
  C:\kuba\programming\ezGame\vs15\..\ezGame\lib\Win32\libmpg123-0.dll
  C:\kuba\programming\ezGame\vs15\..\ezGame\lib\Win32\libogg-0.dll
  C:\kuba\programming\ezGame\vs15\..\ezGame\lib\Win32\libpng16-16.dll
  C:\kuba\programming\ezGame\vs15\..\ezGame\lib\Win32\libtiff-5.dll
  C:\kuba\programming\ezGame\vs15\..\ezGame\lib\Win32\libvorbis-0.dll
  C:\kuba\programming\ezGame\vs15\..\ezGame\lib\Win32\libvorbisfile-3.dll
  C:\kuba\programming\ezGame\vs15\..\ezGame\lib\Win32\libwebp-7.dll
  C:\kuba\programming\ezGame\vs15\..\ezGame\lib\Win32\SDL2.dll
  C:\kuba\programming\ezGame\vs15\..\ezGame\lib\Win32\SDL2_image.dll
  C:\kuba\programming\ezGame\vs15\..\ezGame\lib\Win32\SDL2_mixer.dll
  C:\kuba\programming\ezGame\vs15\..\ezGame\lib\Win32\SDL2_ttf.dll
  C:\kuba\programming\ezGame\vs15\..\ezGame\lib\Win32\zlib1.dll
  17 File(s) copied
