c:\kuba\programming\ezgame\vs15\x64\debug\vc140.pdb
c:\kuba\programming\ezgame\vs15\x64\debug\vc140.idb
c:\kuba\programming\ezgame\vs15\x64\debug\audio.obj
c:\kuba\programming\ezgame\vs15\x64\debug\ezgame.obj
c:\kuba\programming\ezgame\vs15\x64\debug\font.obj
c:\kuba\programming\ezgame\vs15\x64\debug\icon.obj
c:\kuba\programming\ezgame\vs15\x64\debug\window.obj
c:\kuba\programming\ezgame\vs15\x64\debug\ezgame.lib
c:\kuba\programming\ezgame\vs15\x64\debug\ezgame.exp
c:\kuba\programming\ezgame\vs15\x64\debug\ezgame.ilk
c:\kuba\programming\ezgame\vs15\x64\debug\ezgame.dll
c:\kuba\programming\ezgame\vs15\x64\debug\ezgame.pdb
c:\kuba\programming\ezgame\vs15\x64\debug\tests.ilk
c:\kuba\programming\ezgame\vs15\x64\debug\tests.pdb
c:\kuba\programming\ezgame\vs15\x64\debug\ezgame.tlog\cl.command.1.tlog
c:\kuba\programming\ezgame\vs15\x64\debug\ezgame.tlog\cl.read.1.tlog
c:\kuba\programming\ezgame\vs15\x64\debug\ezgame.tlog\cl.write.1.tlog
c:\kuba\programming\ezgame\vs15\x64\debug\ezgame.tlog\ezgame.write.1u.tlog
c:\kuba\programming\ezgame\vs15\x64\debug\ezgame.tlog\link.command.1.tlog
c:\kuba\programming\ezgame\vs15\x64\debug\ezgame.tlog\link.read.1.tlog
c:\kuba\programming\ezgame\vs15\x64\debug\ezgame.tlog\link.write.1.tlog
