     Creating library C:\kuba\programming\ezGame\vs15\x64\Debug\ezGame.lib and object C:\kuba\programming\ezGame\vs15\x64\Debug\ezGame.exp
extern.obj : error LNK2019: unresolved external symbol __imp__invalid_parameter referenced in function "void __cdecl std::_Deallocate(void *,unsigned __int64,unsigned __int64)" (?_Deallocate@std@@YAXPEAX_K1@Z)
gameSDL.obj : error LNK2001: unresolved external symbol __imp__invalid_parameter
windowSDL.obj : error LNK2001: unresolved external symbol __imp__invalid_parameter
extern.obj : error LNK2019: unresolved external symbol memcpy referenced in function "public: static char * __cdecl std::char_traits<char>::copy(char *,char const *,unsigned __int64)" (?copy@?$char_traits@D@std@@SAPEADPEADPEBD_K@Z)
gameSDL.obj : error LNK2001: unresolved external symbol memcpy
windowSDL.obj : error LNK2001: unresolved external symbol memcpy
extern.obj : error LNK2019: unresolved external symbol __imp__CrtDbgReportW referenced in function "void __cdecl std::_Deallocate(void *,unsigned __int64,unsigned __int64)" (?_Deallocate@std@@YAXPEAX_K1@Z)
gameSDL.obj : error LNK2001: unresolved external symbol __imp__CrtDbgReportW
windowSDL.obj : error LNK2001: unresolved external symbol __imp__CrtDbgReportW
extern.obj : error LNK2001: unresolved external symbol __CxxFrameHandler3
gameSDL.obj : error LNK2001: unresolved external symbol __CxxFrameHandler3
windowSDL.obj : error LNK2001: unresolved external symbol __CxxFrameHandler3
MSVCRTD.lib(gshandlereh.obj) : error LNK2001: unresolved external symbol __CxxFrameHandler3
gameSDL.obj : error LNK2001: unresolved external symbol _purecall
gameSDL.obj : error LNK2019: unresolved external symbol _CxxThrowException referenced in function __catch$??$_Uninit_def_fill_n@PEAUKeyState@ezGame@@_KV?$allocator@UKeyState@ezGame@@@std@@U12@@std@@YAXPEAUKeyState@ezGame@@_KAEAU?$_Wrap_alloc@V?$allocator@UKeyState@ezGame@@@std@@@0@0U_Nonscalar_ptr_iterator_tag@0@@Z$0
windowSDL.obj : error LNK2001: unresolved external symbol _CxxThrowException
MSVCRTD.lib(throw_bad_alloc.obj) : error LNK2001: unresolved external symbol _CxxThrowException
windowSDL.obj : error LNK2019: unresolved external symbol memcmp referenced in function "public: static int __cdecl std::char_traits<char>::compare(char const *,char const *,unsigned __int64)" (?compare@?$char_traits@D@std@@SAHPEBD0_K@Z)
windowSDL.obj : error LNK2019: unresolved external symbol __imp_memmove referenced in function "public: static char * __cdecl std::char_traits<char>::move(char *,char const *,unsigned __int64)" (?move@?$char_traits@D@std@@SAPEADPEADPEBD_K@Z)
windowSDL.obj : error LNK2019: unresolved external symbol strlen referenced in function "public: static unsigned __int64 __cdecl std::char_traits<char>::length(char const *)" (?length@?$char_traits@D@std@@SA_KPEBD@Z)
SDL2.lib(SDL_systimer.obj) : error LNK2019: unresolved external symbol __imp_timeGetTime referenced in function SDL_GetTicks_REAL
SDL2.lib(SDL_systimer.obj) : error LNK2019: unresolved external symbol __imp_timeBeginPeriod referenced in function SDL_SetSystemTimerResolution
SDL2.lib(SDL_systimer.obj) : error LNK2019: unresolved external symbol __imp_timeEndPeriod referenced in function SDL_SetSystemTimerResolution
SDL2.lib(SDL_windowskeyboard.obj) : error LNK2019: unresolved external symbol GetFileVersionInfoSizeA referenced in function IME_GetId
SDL2.lib(SDL_windowskeyboard.obj) : error LNK2019: unresolved external symbol GetFileVersionInfoA referenced in function IME_GetId
SDL2.lib(SDL_windowskeyboard.obj) : error LNK2019: unresolved external symbol VerQueryValueA referenced in function IME_GetId
SDL2.lib(SDL_windowskeyboard.obj) : error LNK2019: unresolved external symbol ImmGetIMEFileNameA referenced in function IME_SetupAPI
SDL2.lib(SDL_windowskeyboard.obj) : error LNK2019: unresolved external symbol ImmGetContext referenced in function WIN_SetTextInputRect
SDL2.lib(SDL_windowskeyboard.obj) : error LNK2019: unresolved external symbol ImmReleaseContext referenced in function WIN_SetTextInputRect
SDL2.lib(SDL_windowskeyboard.obj) : error LNK2019: unresolved external symbol ImmAssociateContext referenced in function IME_Enable
SDL2.lib(SDL_windowskeyboard.obj) : error LNK2019: unresolved external symbol ImmGetCompositionStringW referenced in function IME_GetCompositionString
SDL2.lib(SDL_windowskeyboard.obj) : error LNK2019: unresolved external symbol ImmSetCompositionStringW referenced in function IME_ClearComposition
SDL2.lib(SDL_windowskeyboard.obj) : error LNK2019: unresolved external symbol ImmGetCandidateListW referenced in function IME_GetCandidateList
SDL2.lib(SDL_windowskeyboard.obj) : error LNK2019: unresolved external symbol ImmNotifyIME referenced in function IME_ClearComposition
SDL2.lib(SDL_windowskeyboard.obj) : error LNK2019: unresolved external symbol ImmSetCompositionWindow referenced in function WIN_SetTextInputRect
SDL2.lib(SDL_winmm.obj) : error LNK2019: unresolved external symbol __imp_waveOutGetNumDevs referenced in function DetectWaveOutDevs
SDL2.lib(SDL_winmm.obj) : error LNK2019: unresolved external symbol __imp_waveOutGetDevCapsW referenced in function DetectWaveOutDevs
SDL2.lib(SDL_winmm.obj) : error LNK2019: unresolved external symbol __imp_waveOutGetErrorTextW referenced in function SetMMerror
SDL2.lib(SDL_winmm.obj) : error LNK2019: unresolved external symbol __imp_waveOutOpen referenced in function PrepWaveFormat
SDL2.lib(SDL_winmm.obj) : error LNK2019: unresolved external symbol __imp_waveOutClose referenced in function WINMM_CloseDevice
SDL2.lib(SDL_winmm.obj) : error LNK2019: unresolved external symbol __imp_waveOutPrepareHeader referenced in function WINMM_OpenDevice
SDL2.lib(SDL_winmm.obj) : error LNK2019: unresolved external symbol __imp_waveOutUnprepareHeader referenced in function WINMM_CloseDevice
SDL2.lib(SDL_winmm.obj) : error LNK2019: unresolved external symbol __imp_waveOutWrite referenced in function WINMM_PlayDevice
SDL2.lib(SDL_winmm.obj) : error LNK2019: unresolved external symbol __imp_waveOutReset referenced in function WINMM_CloseDevice
SDL2.lib(SDL_winmm.obj) : error LNK2019: unresolved external symbol __imp_waveInGetNumDevs referenced in function DetectWaveInDevs
SDL2.lib(SDL_winmm.obj) : error LNK2019: unresolved external symbol __imp_waveInGetDevCapsW referenced in function DetectWaveInDevs
SDL2.lib(SDL_winmm.obj) : error LNK2019: unresolved external symbol __imp_waveInOpen referenced in function PrepWaveFormat
SDL2.lib(SDL_winmm.obj) : error LNK2019: unresolved external symbol __imp_waveInClose referenced in function WINMM_CloseDevice
SDL2.lib(SDL_winmm.obj) : error LNK2019: unresolved external symbol __imp_waveInPrepareHeader referenced in function WINMM_OpenDevice
SDL2.lib(SDL_winmm.obj) : error LNK2019: unresolved external symbol __imp_waveInUnprepareHeader referenced in function WINMM_CloseDevice
SDL2.lib(SDL_winmm.obj) : error LNK2019: unresolved external symbol __imp_waveInAddBuffer referenced in function WINMM_CaptureFromDevice
SDL2.lib(SDL_winmm.obj) : error LNK2019: unresolved external symbol __imp_waveInStart referenced in function WINMM_OpenDevice
SDL2.lib(SDL_winmm.obj) : error LNK2019: unresolved external symbol __imp_waveInReset referenced in function WINMM_CloseDevice
MSVCRTD.lib(delete_scalar.obj) : error LNK2019: unresolved external symbol _free_dbg referenced in function "void __cdecl operator delete(void *)" (??3@YAXPEAX@Z)
MSVCRTD.lib(utility.obj) : error LNK2019: unresolved external symbol __vcrt_initialize referenced in function __scrt_initialize_crt
MSVCRTD.lib(utility.obj) : error LNK2019: unresolved external symbol __vcrt_uninitialize referenced in function __scrt_initialize_crt
MSVCRTD.lib(utility.obj) : error LNK2019: unresolved external symbol __vcrt_uninitialize_critical referenced in function __scrt_dllmain_uninitialize_critical
MSVCRTD.lib(utility.obj) : error LNK2019: unresolved external symbol __vcrt_thread_attach referenced in function __scrt_dllmain_crt_thread_attach
MSVCRTD.lib(utility.obj) : error LNK2019: unresolved external symbol __vcrt_thread_detach referenced in function __scrt_dllmain_crt_thread_attach
MSVCRTD.lib(utility.obj) : error LNK2019: unresolved external symbol _seh_filter_dll referenced in function __scrt_dllmain_exception_filter
MSVCRTD.lib(utility.obj) : error LNK2019: unresolved external symbol _is_c_termination_complete referenced in function __scrt_dllmain_uninitialize_c
MSVCRTD.lib(utility.obj) : error LNK2019: unresolved external symbol _initialize_narrow_environment referenced in function __scrt_dllmain_after_initialize_c
MSVCRTD.lib(utility.obj) : error LNK2019: unresolved external symbol _initialize_onexit_table referenced in function __scrt_initialize_onexit_tables
MSVCRTD.lib(utility.obj) : error LNK2019: unresolved external symbol _register_onexit_function referenced in function _onexit
MSVCRTD.lib(utility.obj) : error LNK2019: unresolved external symbol _execute_onexit_table referenced in function __scrt_dllmain_uninitialize_c
MSVCRTD.lib(utility.obj) : error LNK2019: unresolved external symbol _crt_atexit referenced in function _onexit
MSVCRTD.lib(utility.obj) : error LNK2019: unresolved external symbol _crt_at_quick_exit referenced in function at_quick_exit
MSVCRTD.lib(utility.obj) : error LNK2019: unresolved external symbol __acrt_initialize referenced in function __scrt_initialize_crt
MSVCRTD.lib(utility.obj) : error LNK2019: unresolved external symbol __acrt_uninitialize referenced in function __scrt_uninitialize_crt
MSVCRTD.lib(utility.obj) : error LNK2019: unresolved external symbol __acrt_uninitialize_critical referenced in function __scrt_dllmain_uninitialize_critical
MSVCRTD.lib(utility.obj) : error LNK2019: unresolved external symbol __acrt_thread_attach referenced in function __scrt_dllmain_crt_thread_attach
MSVCRTD.lib(utility.obj) : error LNK2019: unresolved external symbol __acrt_thread_detach referenced in function __scrt_dllmain_crt_thread_detach
MSVCRTD.lib(utility.obj) : error LNK2019: unresolved external symbol _cexit referenced in function __scrt_dllmain_uninitialize_c
MSVCRTD.lib(utility.obj) : error LNK2001: unresolved external symbol __C_specific_handler
MSVCRTD.lib(_error_.obj) : error LNK2001: unresolved external symbol __C_specific_handler
MSVCRTD.lib(_init_.obj) : error LNK2019: unresolved external symbol _CrtDbgReport referenced in function _CRT_RTC_INIT
MSVCRTD.lib(_init_.obj) : error LNK2019: unresolved external symbol _CrtDbgReportW referenced in function _CRT_RTC_INITW
MSVCRTD.lib(new_scalar.obj) : error LNK2019: unresolved external symbol _callnewh referenced in function "void * __cdecl operator new(unsigned __int64)" (??2@YAPEAX_K@Z)
MSVCRTD.lib(new_scalar.obj) : error LNK2019: unresolved external symbol malloc referenced in function "void * __cdecl operator new(unsigned __int64)" (??2@YAPEAX_K@Z)
MSVCRTD.lib(utility_desktop.obj) : error LNK2019: unresolved external symbol terminate referenced in function __scrt_unhandled_exception_filter
MSVCRTD.lib(_error_.obj) : error LNK2019: unresolved external symbol __stdio_common_vsprintf_s referenced in function _vsprintf_s_l
MSVCRTD.lib(throw_bad_alloc.obj) : error LNK2019: unresolved external symbol __std_exception_copy referenced in function "public: __cdecl std::exception::exception(class std::exception const &)" (??0exception@std@@QEAA@AEBV01@@Z)
MSVCRTD.lib(throw_bad_alloc.obj) : error LNK2019: unresolved external symbol __std_exception_destroy referenced in function "public: virtual __cdecl std::exception::~exception(void)" (??1exception@std@@UEAA@XZ)
MSVCRTD.lib(_pdblkup_.obj) : error LNK2019: unresolved external symbol _wmakepath_s referenced in function "int __cdecl GetPdbDllPathFromFilePath(wchar_t const *,wchar_t *,unsigned __int64)" (?GetPdbDllPathFromFilePath@@YAHPEB_WPEA_W_K@Z)
MSVCRTD.lib(_pdblkup_.obj) : error LNK2019: unresolved external symbol _wsplitpath_s referenced in function "int __cdecl GetPdbDllPathFromFilePath(wchar_t const *,wchar_t *,unsigned __int64)" (?GetPdbDllPathFromFilePath@@YAHPEB_WPEA_W_K@Z)
MSVCRTD.lib(_pdblkup_.obj) : error LNK2019: unresolved external symbol wcscpy_s referenced in function "int __cdecl GetPdbDllPathFromFilePath(wchar_t const *,wchar_t *,unsigned __int64)" (?GetPdbDllPathFromFilePath@@YAHPEB_WPEA_W_K@Z)
MSVCRTD.lib(_pdblkup_.obj) : error LNK2019: unresolved external symbol __vcrt_GetModuleFileNameW referenced in function "struct HINSTANCE__ * __cdecl GetPdbDll(void)" (?GetPdbDll@@YAPEAUHINSTANCE__@@XZ)
MSVCRTD.lib(_pdblkup_.obj) : error LNK2019: unresolved external symbol __vcrt_GetModuleHandleW referenced in function "struct HINSTANCE__ * __cdecl GetPdbDll(void)" (?GetPdbDll@@YAPEAUHINSTANCE__@@XZ)
MSVCRTD.lib(_pdblkup_.obj) : error LNK2019: unresolved external symbol __vcrt_LoadLibraryExW referenced in function "struct HINSTANCE__ * __cdecl GetPdbDll(void)" (?GetPdbDll@@YAPEAUHINSTANCE__@@XZ)
C:\kuba\programming\ezGame\vs15\x64\Debug\ezGame.dll : fatal error LNK1120: 77 unresolved externals
